app/build/intermediates/manifest_merge_blame_file/debug/manifest-merger-blame-debug-report.txt
1<?xml version="1.0" encoding="utf-8"?>
2<manifest xmlns:android="http://schemas.android.com/apk/res/android"
3    package="com.anas.pizzeria"
4    android:versionCode="1"
5    android:versionName="1.0" >
6
7    <uses-sdk
8        android:minSdkVersion="24"
9        android:targetSdkVersion="34" />
10
11    <uses-permission android:name="android.permission.INTERNET" />
11-->src\main\AndroidManifest.xml:5:5-67
11-->src\main\AndroidManifest.xml:5:22-64
12    <uses-permission android:name="android.permission.POST_NOTIFICATIONS" />
12-->src\main\AndroidManifest.xml:6:5-77
12-->src\main\AndroidManifest.xml:6:22-74
13
14    <queries>
14-->[com.facebook.android:facebook-common:16.3.0] AndroidManifest.xml:17:5-19:15
15        <package android:name="com.facebook.katana" />
15-->[com.facebook.android:facebook-common:16.3.0] AndroidManifest.xml:18:9-55
15-->[com.facebook.android:facebook-common:16.3.0] AndroidManifest.xml:18:18-52
16    </queries>
17
18    <uses-permission android:name="android.permission.ACCESS_NETWORK_STATE" />
18-->[com.google.firebase:firebase-auth:22.3.1] AndroidManifest.xml:26:5-79
18-->[com.google.firebase:firebase-auth:22.3.1] AndroidManifest.xml:26:22-76
19    <uses-permission android:name="android.permission.WAKE_LOCK" /> <!-- Required by older versions of Google Play services to create IID tokens -->
19-->[com.google.firebase:firebase-messaging:23.4.1] AndroidManifest.xml:24:5-68
19-->[com.google.firebase:firebase-messaging:23.4.1] AndroidManifest.xml:24:22-65
20    <uses-permission android:name="com.google.android.c2dm.permission.RECEIVE" />
20-->[com.google.firebase:firebase-messaging:23.4.1] AndroidManifest.xml:26:5-82
20-->[com.google.firebase:firebase-messaging:23.4.1] AndroidManifest.xml:26:22-79
21    <uses-permission android:name="com.google.android.finsky.permission.BIND_GET_INSTALL_REFERRER_SERVICE" />
21-->[com.google.android.gms:play-services-measurement:21.5.1] AndroidManifest.xml:26:5-110
21-->[com.google.android.gms:play-services-measurement:21.5.1] AndroidManifest.xml:26:22-107
22    <uses-permission android:name="com.google.android.gms.permission.AD_ID" />
22-->[com.google.android.gms:play-services-measurement-api:21.5.1] AndroidManifest.xml:25:5-79
22-->[com.google.android.gms:play-services-measurement-api:21.5.1] AndroidManifest.xml:25:22-76
23    <uses-permission android:name="android.permission.ACCESS_ADSERVICES_ATTRIBUTION" />
23-->[com.google.android.gms:play-services-measurement-api:21.5.1] AndroidManifest.xml:26:5-88
23-->[com.google.android.gms:play-services-measurement-api:21.5.1] AndroidManifest.xml:26:22-85
24    <uses-permission android:name="android.permission.ACCESS_ADSERVICES_AD_ID" />
24-->[com.google.android.gms:play-services-measurement-api:21.5.1] AndroidManifest.xml:27:5-82
24-->[com.google.android.gms:play-services-measurement-api:21.5.1] AndroidManifest.xml:27:22-79
25    <uses-permission android:name="com.google.android.providers.gsf.permission.READ_GSERVICES" />
25-->[com.google.android.recaptcha:recaptcha:18.4.0] AndroidManifest.xml:9:5-98
25-->[com.google.android.recaptcha:recaptcha:18.4.0] AndroidManifest.xml:9:22-95
26
27    <permission
27-->[androidx.core:core:1.9.0] AndroidManifest.xml:22:5-24:47
28        android:name="com.anas.pizzeria.DYNAMIC_RECEIVER_NOT_EXPORTED_PERMISSION"
28-->[androidx.core:core:1.9.0] AndroidManifest.xml:23:9-81
29        android:protectionLevel="signature" />
29-->[androidx.core:core:1.9.0] AndroidManifest.xml:24:9-44
30
31    <uses-permission android:name="com.anas.pizzeria.DYNAMIC_RECEIVER_NOT_EXPORTED_PERMISSION" />
31-->[androidx.core:core:1.9.0] AndroidManifest.xml:26:5-97
31-->[androidx.core:core:1.9.0] AndroidManifest.xml:26:22-94
32
33    <application
33-->src\main\AndroidManifest.xml:8:5-94:19
34        android:allowBackup="true"
34-->src\main\AndroidManifest.xml:9:9-35
35        android:appComponentFactory="androidx.core.app.CoreComponentFactory"
35-->[androidx.core:core:1.9.0] AndroidManifest.xml:28:18-86
36        android:dataExtractionRules="@xml/data_extraction_rules"
36-->src\main\AndroidManifest.xml:10:9-65
37        android:debuggable="true"
38        android:extractNativeLibs="false"
39        android:fullBackupContent="@xml/backup_rules"
39-->src\main\AndroidManifest.xml:11:9-54
40        android:icon="@mipmap/ic_launcher"
40-->src\main\AndroidManifest.xml:12:9-43
41        android:label="@string/app_name"
41-->src\main\AndroidManifest.xml:13:9-41
42        android:roundIcon="@mipmap/ic_launcher_round"
42-->src\main\AndroidManifest.xml:14:9-54
43        android:supportsRtl="true"
43-->src\main\AndroidManifest.xml:15:9-35
44        android:testOnly="true"
45        android:theme="@style/Theme.Pizzeria" >
45-->src\main\AndroidManifest.xml:16:9-46
46
47        <!-- Facebook App ID -->
48        <meta-data
48-->src\main\AndroidManifest.xml:20:9-22:55
49            android:name="com.facebook.sdk.ApplicationId"
49-->src\main\AndroidManifest.xml:21:13-58
50            android:value="@string/facebook_app_id" />
50-->src\main\AndroidManifest.xml:22:13-52
51        <meta-data
51-->src\main\AndroidManifest.xml:23:9-25:61
52            android:name="com.facebook.sdk.ClientToken"
52-->src\main\AndroidManifest.xml:24:13-56
53            android:value="@string/facebook_client_token" />
53-->src\main\AndroidManifest.xml:25:13-58
54
55        <!-- SplashScreen - Launcher Activity -->
56        <activity
56-->src\main\AndroidManifest.xml:28:9-36:20
57            android:name="com.anas.pizzeria.ui.SplashActivity"
57-->src\main\AndroidManifest.xml:29:13-46
58            android:exported="true"
58-->src\main\AndroidManifest.xml:30:13-36
59            android:theme="@style/Theme.Pizzeria.Splash" >
59-->src\main\AndroidManifest.xml:31:13-57
60            <intent-filter>
60-->src\main\AndroidManifest.xml:32:13-35:29
61                <action android:name="android.intent.action.MAIN" />
61-->src\main\AndroidManifest.xml:33:17-69
61-->src\main\AndroidManifest.xml:33:25-66
62
63                <category android:name="android.intent.category.LAUNCHER" />
63-->src\main\AndroidManifest.xml:34:17-77
63-->src\main\AndroidManifest.xml:34:27-74
64            </intent-filter>
65        </activity>
66
67        <!-- Login Activity -->
68        <activity
68-->src\main\AndroidManifest.xml:39:9-41:40
69            android:name="com.anas.pizzeria.ui.auth.LoginActivity"
69-->src\main\AndroidManifest.xml:40:13-50
70            android:exported="false" />
70-->src\main\AndroidManifest.xml:41:13-37
71
72        <!-- Register Activity -->
73        <activity
73-->src\main\AndroidManifest.xml:44:9-46:40
74            android:name="com.anas.pizzeria.ui.auth.RegisterActivity"
74-->src\main\AndroidManifest.xml:45:13-53
75            android:exported="false" />
75-->src\main\AndroidManifest.xml:46:13-37
76
77        <!-- MainActivity (so Fragment navigation) -->
78        <activity
78-->src\main\AndroidManifest.xml:49:9-52:62
79            android:name="com.anas.pizzeria.ui.MainActivity"
79-->src\main\AndroidManifest.xml:50:13-44
80            android:configChanges="orientation|screenSize"
80-->src\main\AndroidManifest.xml:52:13-59
81            android:exported="false" />
81-->src\main\AndroidManifest.xml:51:13-37
82
83        <!-- Cart Activity -->
84        <activity
84-->src\main\AndroidManifest.xml:55:9-57:40
85            android:name="com.anas.pizzeria.ui.cart.CartActivity"
85-->src\main\AndroidManifest.xml:56:13-49
86            android:exported="false" />
86-->src\main\AndroidManifest.xml:57:13-37
87
88        <!-- History Activity -->
89        <activity
89-->src\main\AndroidManifest.xml:60:9-62:40
90            android:name="com.anas.pizzeria.ui.history.HistoryActivity"
90-->src\main\AndroidManifest.xml:61:13-55
91            android:exported="false" />
91-->src\main\AndroidManifest.xml:62:13-37
92
93        <!-- Admin Activity -->
94        <activity
94-->src\main\AndroidManifest.xml:65:9-67:40
95            android:name="com.anas.pizzeria.ui.admin.AdminActivity"
95-->src\main\AndroidManifest.xml:66:13-51
96            android:exported="false" />
96-->src\main\AndroidManifest.xml:67:13-37
97
98        <!-- Facebook Activity -->
99        <activity
99-->src\main\AndroidManifest.xml:70:9-73:48
100            android:name="com.facebook.FacebookActivity"
100-->src\main\AndroidManifest.xml:71:13-57
101            android:configChanges="keyboard|keyboardHidden|screenLayout|screenSize|orientation"
101-->src\main\AndroidManifest.xml:72:13-96
102            android:label="@string/app_name"
102-->src\main\AndroidManifest.xml:73:13-45
103            android:theme="@style/com_facebook_activity_theme" />
103-->[com.facebook.android:facebook-common:16.3.0] AndroidManifest.xml:25:13-63
104        <activity
104-->src\main\AndroidManifest.xml:74:9-83:20
105            android:name="com.facebook.CustomTabActivity"
105-->src\main\AndroidManifest.xml:75:13-58
106            android:exported="true" >
106-->src\main\AndroidManifest.xml:76:13-36
107            <intent-filter>
107-->src\main\AndroidManifest.xml:77:13-82:29
108                <action android:name="android.intent.action.VIEW" />
108-->src\main\AndroidManifest.xml:78:17-69
108-->src\main\AndroidManifest.xml:78:25-66
109
110                <category android:name="android.intent.category.DEFAULT" />
110-->src\main\AndroidManifest.xml:79:17-76
110-->src\main\AndroidManifest.xml:79:27-73
111                <category android:name="android.intent.category.BROWSABLE" />
111-->src\main\AndroidManifest.xml:80:17-78
111-->src\main\AndroidManifest.xml:80:27-75
112
113                <data android:scheme="@string/fb_login_protocol_scheme" />
113-->src\main\AndroidManifest.xml:81:17-75
113-->src\main\AndroidManifest.xml:81:23-72
114            </intent-filter>
115            <intent-filter>
115-->[com.facebook.android:facebook-common:16.3.0] AndroidManifest.xml:31:13-40:29
116                <action android:name="android.intent.action.VIEW" />
116-->src\main\AndroidManifest.xml:78:17-69
116-->src\main\AndroidManifest.xml:78:25-66
117
118                <category android:name="android.intent.category.DEFAULT" />
118-->src\main\AndroidManifest.xml:79:17-76
118-->src\main\AndroidManifest.xml:79:27-73
119                <category android:name="android.intent.category.BROWSABLE" />
119-->src\main\AndroidManifest.xml:80:17-78
119-->src\main\AndroidManifest.xml:80:27-75
120
121                <data
121-->src\main\AndroidManifest.xml:81:17-75
122                    android:host="cct.com.anas.pizzeria"
123                    android:scheme="fbconnect" />
123-->src\main\AndroidManifest.xml:81:23-72
124            </intent-filter>
125        </activity>
126
127        <!-- Firebase Messaging Service -->
128        <service
128-->src\main\AndroidManifest.xml:86:9-92:19
129            android:name="com.anas.pizzeria.service.PizzeriaMessagingService"
129-->src\main\AndroidManifest.xml:87:13-61
130            android:exported="false" >
130-->src\main\AndroidManifest.xml:88:13-37
131            <intent-filter>
131-->src\main\AndroidManifest.xml:89:13-91:29
132                <action android:name="com.google.firebase.MESSAGING_EVENT" />
132-->src\main\AndroidManifest.xml:90:17-78
132-->src\main\AndroidManifest.xml:90:25-75
133            </intent-filter>
134        </service>
135
136        <activity android:name="com.facebook.CustomTabMainActivity" />
136-->[com.facebook.android:facebook-common:16.3.0] AndroidManifest.xml:26:9-71
136-->[com.facebook.android:facebook-common:16.3.0] AndroidManifest.xml:26:19-68
137        <activity
137-->[com.google.android.gms:play-services-auth:20.7.0] AndroidManifest.xml:23:9-27:75
138            android:name="com.google.android.gms.auth.api.signin.internal.SignInHubActivity"
138-->[com.google.android.gms:play-services-auth:20.7.0] AndroidManifest.xml:24:13-93
139            android:excludeFromRecents="true"
139-->[com.google.android.gms:play-services-auth:20.7.0] AndroidManifest.xml:25:13-46
140            android:exported="false"
140-->[com.google.android.gms:play-services-auth:20.7.0] AndroidManifest.xml:26:13-37
141            android:theme="@android:style/Theme.Translucent.NoTitleBar" />
141-->[com.google.android.gms:play-services-auth:20.7.0] AndroidManifest.xml:27:13-72
142        <!--
143            Service handling Google Sign-In user revocation. For apps that do not integrate with
144            Google Sign-In, this service will never be started.
145        -->
146        <service
146-->[com.google.android.gms:play-services-auth:20.7.0] AndroidManifest.xml:33:9-37:51
147            android:name="com.google.android.gms.auth.api.signin.RevocationBoundService"
147-->[com.google.android.gms:play-services-auth:20.7.0] AndroidManifest.xml:34:13-89
148            android:exported="true"
148-->[com.google.android.gms:play-services-auth:20.7.0] AndroidManifest.xml:35:13-36
149            android:permission="com.google.android.gms.auth.api.signin.permission.REVOCATION_NOTIFICATION"
149-->[com.google.android.gms:play-services-auth:20.7.0] AndroidManifest.xml:36:13-107
150            android:visibleToInstantApps="true" />
150-->[com.google.android.gms:play-services-auth:20.7.0] AndroidManifest.xml:37:13-48
151
152        <activity
152-->[com.google.firebase:firebase-auth:22.3.1] AndroidManifest.xml:29:9-46:20
153            android:name="com.google.firebase.auth.internal.GenericIdpActivity"
153-->[com.google.firebase:firebase-auth:22.3.1] AndroidManifest.xml:30:13-80
154            android:excludeFromRecents="true"
154-->[com.google.firebase:firebase-auth:22.3.1] AndroidManifest.xml:31:13-46
155            android:exported="true"
155-->[com.google.firebase:firebase-auth:22.3.1] AndroidManifest.xml:32:13-36
156            android:launchMode="singleTask"
156-->[com.google.firebase:firebase-auth:22.3.1] AndroidManifest.xml:33:13-44
157            android:theme="@android:style/Theme.Translucent.NoTitleBar" >
157-->[com.google.firebase:firebase-auth:22.3.1] AndroidManifest.xml:34:13-72
158            <intent-filter>
158-->[com.google.firebase:firebase-auth:22.3.1] AndroidManifest.xml:35:13-45:29
159                <action android:name="android.intent.action.VIEW" />
159-->src\main\AndroidManifest.xml:78:17-69
159-->src\main\AndroidManifest.xml:78:25-66
160
161                <category android:name="android.intent.category.DEFAULT" />
161-->src\main\AndroidManifest.xml:79:17-76
161-->src\main\AndroidManifest.xml:79:27-73
162                <category android:name="android.intent.category.BROWSABLE" />
162-->src\main\AndroidManifest.xml:80:17-78
162-->src\main\AndroidManifest.xml:80:27-75
163
164                <data
164-->src\main\AndroidManifest.xml:81:17-75
165                    android:host="firebase.auth"
166                    android:path="/"
167                    android:scheme="genericidp" />
167-->src\main\AndroidManifest.xml:81:23-72
168            </intent-filter>
169        </activity>
170        <activity
170-->[com.google.firebase:firebase-auth:22.3.1] AndroidManifest.xml:47:9-64:20
171            android:name="com.google.firebase.auth.internal.RecaptchaActivity"
171-->[com.google.firebase:firebase-auth:22.3.1] AndroidManifest.xml:48:13-79
172            android:excludeFromRecents="true"
172-->[com.google.firebase:firebase-auth:22.3.1] AndroidManifest.xml:49:13-46
173            android:exported="true"
173-->[com.google.firebase:firebase-auth:22.3.1] AndroidManifest.xml:50:13-36
174            android:launchMode="singleTask"
174-->[com.google.firebase:firebase-auth:22.3.1] AndroidManifest.xml:51:13-44
175            android:theme="@android:style/Theme.Translucent.NoTitleBar" >
175-->[com.google.firebase:firebase-auth:22.3.1] AndroidManifest.xml:52:13-72
176            <intent-filter>
176-->[com.google.firebase:firebase-auth:22.3.1] AndroidManifest.xml:53:13-63:29
177                <action android:name="android.intent.action.VIEW" />
177-->src\main\AndroidManifest.xml:78:17-69
177-->src\main\AndroidManifest.xml:78:25-66
178
179                <category android:name="android.intent.category.DEFAULT" />
179-->src\main\AndroidManifest.xml:79:17-76
179-->src\main\AndroidManifest.xml:79:27-73
180                <category android:name="android.intent.category.BROWSABLE" />
180-->src\main\AndroidManifest.xml:80:17-78
180-->src\main\AndroidManifest.xml:80:27-75
181
182                <data
182-->src\main\AndroidManifest.xml:81:17-75
183                    android:host="firebase.auth"
184                    android:path="/"
185                    android:scheme="recaptcha" />
185-->src\main\AndroidManifest.xml:81:23-72
186            </intent-filter>
187        </activity>
188
189        <service
189-->[com.google.firebase:firebase-auth:22.3.1] AndroidManifest.xml:66:9-72:19
190            android:name="com.google.firebase.components.ComponentDiscoveryService"
190-->[com.google.firebase:firebase-auth:22.3.1] AndroidManifest.xml:67:13-84
191            android:directBootAware="true"
191-->[com.google.firebase:firebase-common:20.4.2] AndroidManifest.xml:32:13-43
192            android:exported="false" >
192-->[com.google.firebase:firebase-auth:22.3.1] AndroidManifest.xml:68:13-37
193            <meta-data
193-->[com.google.firebase:firebase-auth:22.3.1] AndroidManifest.xml:69:13-71:85
194                android:name="com.google.firebase.components:com.google.firebase.auth.FirebaseAuthRegistrar"
194-->[com.google.firebase:firebase-auth:22.3.1] AndroidManifest.xml:70:17-109
195                android:value="com.google.firebase.components.ComponentRegistrar" />
195-->[com.google.firebase:firebase-auth:22.3.1] AndroidManifest.xml:71:17-82
196            <meta-data
196-->[com.google.firebase:firebase-firestore:24.10.2] AndroidManifest.xml:17:13-19:85
197                android:name="com.google.firebase.components:com.google.firebase.firestore.FirebaseFirestoreKtxRegistrar"
197-->[com.google.firebase:firebase-firestore:24.10.2] AndroidManifest.xml:18:17-122
198                android:value="com.google.firebase.components.ComponentRegistrar" />
198-->[com.google.firebase:firebase-firestore:24.10.2] AndroidManifest.xml:19:17-82
199            <meta-data
199-->[com.google.firebase:firebase-firestore:24.10.2] AndroidManifest.xml:20:13-22:85
200                android:name="com.google.firebase.components:com.google.firebase.firestore.FirestoreRegistrar"
200-->[com.google.firebase:firebase-firestore:24.10.2] AndroidManifest.xml:21:17-111
201                android:value="com.google.firebase.components.ComponentRegistrar" />
201-->[com.google.firebase:firebase-firestore:24.10.2] AndroidManifest.xml:22:17-82
202            <meta-data
202-->[com.google.firebase:firebase-messaging:23.4.1] AndroidManifest.xml:57:13-59:85
203                android:name="com.google.firebase.components:com.google.firebase.messaging.FirebaseMessagingKtxRegistrar"
203-->[com.google.firebase:firebase-messaging:23.4.1] AndroidManifest.xml:58:17-122
204                android:value="com.google.firebase.components.ComponentRegistrar" />
204-->[com.google.firebase:firebase-messaging:23.4.1] AndroidManifest.xml:59:17-82
205            <meta-data
205-->[com.google.firebase:firebase-messaging:23.4.1] AndroidManifest.xml:60:13-62:85
206                android:name="com.google.firebase.components:com.google.firebase.messaging.FirebaseMessagingRegistrar"
206-->[com.google.firebase:firebase-messaging:23.4.1] AndroidManifest.xml:61:17-119
207                android:value="com.google.firebase.components.ComponentRegistrar" />
207-->[com.google.firebase:firebase-messaging:23.4.1] AndroidManifest.xml:62:17-82
208            <meta-data
208-->[com.google.android.gms:play-services-measurement-api:21.5.1] AndroidManifest.xml:37:13-39:85
209                android:name="com.google.firebase.components:com.google.firebase.analytics.connector.internal.AnalyticsConnectorRegistrar"
209-->[com.google.android.gms:play-services-measurement-api:21.5.1] AndroidManifest.xml:38:17-139
210                android:value="com.google.firebase.components.ComponentRegistrar" />
210-->[com.google.android.gms:play-services-measurement-api:21.5.1] AndroidManifest.xml:39:17-82
211            <meta-data
211-->[com.google.firebase:firebase-installations:17.2.0] AndroidManifest.xml:15:13-17:85
212                android:name="com.google.firebase.components:com.google.firebase.installations.FirebaseInstallationsKtxRegistrar"
212-->[com.google.firebase:firebase-installations:17.2.0] AndroidManifest.xml:16:17-130
213                android:value="com.google.firebase.components.ComponentRegistrar" />
213-->[com.google.firebase:firebase-installations:17.2.0] AndroidManifest.xml:17:17-82
214            <meta-data
214-->[com.google.firebase:firebase-installations:17.2.0] AndroidManifest.xml:18:13-20:85
215                android:name="com.google.firebase.components:com.google.firebase.installations.FirebaseInstallationsRegistrar"
215-->[com.google.firebase:firebase-installations:17.2.0] AndroidManifest.xml:19:17-127
216                android:value="com.google.firebase.components.ComponentRegistrar" />
216-->[com.google.firebase:firebase-installations:17.2.0] AndroidManifest.xml:20:17-82
217            <meta-data
217-->[com.google.firebase:firebase-common-ktx:20.4.2] AndroidManifest.xml:12:13-14:85
218                android:name="com.google.firebase.components:com.google.firebase.ktx.FirebaseCommonLegacyRegistrar"
218-->[com.google.firebase:firebase-common-ktx:20.4.2] AndroidManifest.xml:13:17-116
219                android:value="com.google.firebase.components.ComponentRegistrar" />
219-->[com.google.firebase:firebase-common-ktx:20.4.2] AndroidManifest.xml:14:17-82
220            <meta-data
220-->[com.google.firebase:firebase-common:20.4.2] AndroidManifest.xml:35:13-37:85
221                android:name="com.google.firebase.components:com.google.firebase.FirebaseCommonKtxRegistrar"
221-->[com.google.firebase:firebase-common:20.4.2] AndroidManifest.xml:36:17-109
222                android:value="com.google.firebase.components.ComponentRegistrar" />
222-->[com.google.firebase:firebase-common:20.4.2] AndroidManifest.xml:37:17-82
223            <meta-data
223-->[com.google.firebase:firebase-datatransport:18.1.7] AndroidManifest.xml:27:13-29:85
224                android:name="com.google.firebase.components:com.google.firebase.datatransport.TransportRegistrar"
224-->[com.google.firebase:firebase-datatransport:18.1.7] AndroidManifest.xml:28:17-115
225                android:value="com.google.firebase.components.ComponentRegistrar" />
225-->[com.google.firebase:firebase-datatransport:18.1.7] AndroidManifest.xml:29:17-82
226        </service>
227
228        <receiver
228-->[com.google.firebase:firebase-messaging:23.4.1] AndroidManifest.xml:29:9-40:20
229            android:name="com.google.firebase.iid.FirebaseInstanceIdReceiver"
229-->[com.google.firebase:firebase-messaging:23.4.1] AndroidManifest.xml:30:13-78
230            android:exported="true"
230-->[com.google.firebase:firebase-messaging:23.4.1] AndroidManifest.xml:31:13-36
231            android:permission="com.google.android.c2dm.permission.SEND" >
231-->[com.google.firebase:firebase-messaging:23.4.1] AndroidManifest.xml:32:13-73
232            <intent-filter>
232-->[com.google.firebase:firebase-messaging:23.4.1] AndroidManifest.xml:33:13-35:29
233                <action android:name="com.google.android.c2dm.intent.RECEIVE" />
233-->[com.google.firebase:firebase-messaging:23.4.1] AndroidManifest.xml:34:17-81
233-->[com.google.firebase:firebase-messaging:23.4.1] AndroidManifest.xml:34:25-78
234            </intent-filter>
235
236            <meta-data
236-->[com.google.firebase:firebase-messaging:23.4.1] AndroidManifest.xml:37:13-39:40
237                android:name="com.google.android.gms.cloudmessaging.FINISHED_AFTER_HANDLED"
237-->[com.google.firebase:firebase-messaging:23.4.1] AndroidManifest.xml:38:17-92
238                android:value="true" />
238-->[com.google.firebase:firebase-messaging:23.4.1] AndroidManifest.xml:39:17-37
239        </receiver>
240        <!--
241             FirebaseMessagingService performs security checks at runtime,
242             but set to not exported to explicitly avoid allowing another app to call it.
243        -->
244        <service
244-->[com.google.firebase:firebase-messaging:23.4.1] AndroidManifest.xml:46:9-53:19
245            android:name="com.google.firebase.messaging.FirebaseMessagingService"
245-->[com.google.firebase:firebase-messaging:23.4.1] AndroidManifest.xml:47:13-82
246            android:directBootAware="true"
246-->[com.google.firebase:firebase-messaging:23.4.1] AndroidManifest.xml:48:13-43
247            android:exported="false" >
247-->[com.google.firebase:firebase-messaging:23.4.1] AndroidManifest.xml:49:13-37
248            <intent-filter android:priority="-500" >
248-->src\main\AndroidManifest.xml:89:13-91:29
249                <action android:name="com.google.firebase.MESSAGING_EVENT" />
249-->src\main\AndroidManifest.xml:90:17-78
249-->src\main\AndroidManifest.xml:90:25-75
250            </intent-filter>
251        </service>
252
253        <activity
253-->[com.google.android.gms:play-services-base:18.0.1] AndroidManifest.xml:20:9-22:45
254            android:name="com.google.android.gms.common.api.GoogleApiActivity"
254-->[com.google.android.gms:play-services-base:18.0.1] AndroidManifest.xml:20:19-85
255            android:exported="false"
255-->[com.google.android.gms:play-services-base:18.0.1] AndroidManifest.xml:22:19-43
256            android:theme="@android:style/Theme.Translucent.NoTitleBar" />
256-->[com.google.android.gms:play-services-base:18.0.1] AndroidManifest.xml:21:19-78
257
258        <receiver
258-->[com.google.android.gms:play-services-measurement:21.5.1] AndroidManifest.xml:29:9-33:20
259            android:name="com.google.android.gms.measurement.AppMeasurementReceiver"
259-->[com.google.android.gms:play-services-measurement:21.5.1] AndroidManifest.xml:30:13-85
260            android:enabled="true"
260-->[com.google.android.gms:play-services-measurement:21.5.1] AndroidManifest.xml:31:13-35
261            android:exported="false" >
261-->[com.google.android.gms:play-services-measurement:21.5.1] AndroidManifest.xml:32:13-37
262        </receiver>
263
264        <service
264-->[com.google.android.gms:play-services-measurement:21.5.1] AndroidManifest.xml:35:9-38:40
265            android:name="com.google.android.gms.measurement.AppMeasurementService"
265-->[com.google.android.gms:play-services-measurement:21.5.1] AndroidManifest.xml:36:13-84
266            android:enabled="true"
266-->[com.google.android.gms:play-services-measurement:21.5.1] AndroidManifest.xml:37:13-35
267            android:exported="false" />
267-->[com.google.android.gms:play-services-measurement:21.5.1] AndroidManifest.xml:38:13-37
268        <service
268-->[com.google.android.gms:play-services-measurement:21.5.1] AndroidManifest.xml:39:9-43:72
269            android:name="com.google.android.gms.measurement.AppMeasurementJobService"
269-->[com.google.android.gms:play-services-measurement:21.5.1] AndroidManifest.xml:40:13-87
270            android:enabled="true"
270-->[com.google.android.gms:play-services-measurement:21.5.1] AndroidManifest.xml:41:13-35
271            android:exported="false"
271-->[com.google.android.gms:play-services-measurement:21.5.1] AndroidManifest.xml:42:13-37
272            android:permission="android.permission.BIND_JOB_SERVICE" />
272-->[com.google.android.gms:play-services-measurement:21.5.1] AndroidManifest.xml:43:13-69
273
274        <property
274-->[com.google.android.gms:play-services-measurement-api:21.5.1] AndroidManifest.xml:30:9-32:61
275            android:name="android.adservices.AD_SERVICES_CONFIG"
275-->[com.google.android.gms:play-services-measurement-api:21.5.1] AndroidManifest.xml:31:13-65
276            android:resource="@xml/ga_ad_services_config" />
276-->[com.google.android.gms:play-services-measurement-api:21.5.1] AndroidManifest.xml:32:13-58
277
278        <provider
278-->[com.google.firebase:firebase-common:20.4.2] AndroidManifest.xml:23:9-28:39
279            android:name="com.google.firebase.provider.FirebaseInitProvider"
279-->[com.google.firebase:firebase-common:20.4.2] AndroidManifest.xml:24:13-77
280            android:authorities="com.anas.pizzeria.firebaseinitprovider"
280-->[com.google.firebase:firebase-common:20.4.2] AndroidManifest.xml:25:13-72
281            android:directBootAware="true"
281-->[com.google.firebase:firebase-common:20.4.2] AndroidManifest.xml:26:13-43
282            android:exported="false"
282-->[com.google.firebase:firebase-common:20.4.2] AndroidManifest.xml:27:13-37
283            android:initOrder="100" />
283-->[com.google.firebase:firebase-common:20.4.2] AndroidManifest.xml:28:13-36
284        <provider
284-->[androidx.emoji2:emoji2:1.2.0] AndroidManifest.xml:24:9-32:20
285            android:name="androidx.startup.InitializationProvider"
285-->[androidx.emoji2:emoji2:1.2.0] AndroidManifest.xml:25:13-67
286            android:authorities="com.anas.pizzeria.androidx-startup"
286-->[androidx.emoji2:emoji2:1.2.0] AndroidManifest.xml:26:13-68
287            android:exported="false" >
287-->[androidx.emoji2:emoji2:1.2.0] AndroidManifest.xml:27:13-37
288            <meta-data
288-->[androidx.emoji2:emoji2:1.2.0] AndroidManifest.xml:29:13-31:52
289                android:name="androidx.emoji2.text.EmojiCompatInitializer"
289-->[androidx.emoji2:emoji2:1.2.0] AndroidManifest.xml:30:17-75
290                android:value="androidx.startup" />
290-->[androidx.emoji2:emoji2:1.2.0] AndroidManifest.xml:31:17-49
291            <meta-data
291-->[androidx.lifecycle:lifecycle-process:2.6.1] AndroidManifest.xml:29:13-31:52
292                android:name="androidx.lifecycle.ProcessLifecycleInitializer"
292-->[androidx.lifecycle:lifecycle-process:2.6.1] AndroidManifest.xml:30:17-78
293                android:value="androidx.startup" />
293-->[androidx.lifecycle:lifecycle-process:2.6.1] AndroidManifest.xml:31:17-49